{"level":"info","message":"OpenVidu configured with URL: http://localhost:7880","timestamp":"2025-01-08T16:19:43.553Z"}
{"level":"info","message":"Server is running on port 3000","timestamp":"2025-01-08T16:19:43.561Z"}
{"level":"warn","message":"OPENVIDU_SECRET not set in environment variables, using default value. This is not recommended for production.","timestamp":"2025-01-08T16:22:58.567Z"}
{"level":"warn","message":"OPENVIDU_URL not set, using default: http://localhost:7880","timestamp":"2025-01-08T16:22:58.569Z"}
{"level":"info","message":"OpenVidu configured with URL: http://localhost:7880","timestamp":"2025-01-08T16:22:58.572Z"}
{"level":"info","message":"Server is running on port 3000","timestamp":"2025-01-08T16:22:58.578Z"}
{"level":"error","message":"Error creating session: 404","stack":"Error: 404\n    at OpenVidu.handleError (/Users/mbalkhi/Desktop/Agile_Senior/ai-agile-senior-project/Backend/MeetingService/node_modules/openvidu-node-client/lib/OpenVidu.js:684:20)\n    at /Users/mbalkhi/Desktop/Agile_Senior/ai-agile-senior-project/Backend/MeetingService/node_modules/openvidu-node-client/lib/Session.js:508:30\n    at process.processTicksAndRejections (node:internal/process/task_queues:105:5)","timestamp":"2025-01-08T16:24:07.588Z"}
{"level":"error","status":"error","statusCode":500,"timestamp":"2025-01-08T16:24:07.588Z"}
{"level":"error","status":"fail","statusCode":404,"timestamp":"2025-01-08T16:24:18.160Z"}
{"level":"error","status":"error","statusCode":500,"timestamp":"2025-01-08T16:24:21.765Z"}
{"level":"error","status":"fail","statusCode":404,"timestamp":"2025-01-08T16:24:28.213Z"}
{"level":"warn","message":"OPENVIDU_SECRET not set in environment variables, using default value. This is not recommended for production.","timestamp":"2025-01-08T16:25:04.021Z"}
{"level":"info","message":"OpenVidu configured with URL: https://192-168-0-74.openvidu-local.dev:7443","timestamp":"2025-01-08T16:25:04.026Z"}
{"level":"info","message":"Server is running on port 3000","timestamp":"2025-01-08T16:25:04.030Z"}
{"level":"error","message":"Error creating session: 404","stack":"Error: 404\n    at OpenVidu.handleError (/Users/mbalkhi/Desktop/Agile_Senior/ai-agile-senior-project/Backend/MeetingService/node_modules/openvidu-node-client/lib/OpenVidu.js:684:20)\n    at /Users/mbalkhi/Desktop/Agile_Senior/ai-agile-senior-project/Backend/MeetingService/node_modules/openvidu-node-client/lib/Session.js:508:30\n    at process.processTicksAndRejections (node:internal/process/task_queues:105:5)","timestamp":"2025-01-08T16:25:16.605Z"}
{"level":"error","message":"Detailed error: 404","stack":"Error: 404\n    at OpenVidu.handleError (/Users/mbalkhi/Desktop/Agile_Senior/ai-agile-senior-project/Backend/MeetingService/node_modules/openvidu-node-client/lib/OpenVidu.js:684:20)\n    at /Users/mbalkhi/Desktop/Agile_Senior/ai-agile-senior-project/Backend/MeetingService/node_modules/openvidu-node-client/lib/Session.js:508:30\n    at process.processTicksAndRejections (node:internal/process/task_queues:105:5)","timestamp":"2025-01-08T16:25:16.605Z"}
{"level":"error","status":"error","statusCode":500,"timestamp":"2025-01-08T16:25:16.606Z"}
{"level":"error","status":"fail","statusCode":404,"timestamp":"2025-01-08T16:25:34.557Z"}
{"level":"error","status":"fail","statusCode":404,"timestamp":"2025-01-08T16:25:41.327Z"}
{"level":"warn","message":"OPENVIDU_SECRET not set in environment variables, using default value. This is not recommended for production.","timestamp":"2025-01-08T16:26:47.512Z"}
{"level":"info","message":"OpenVidu configured with URL: http://localhost:7880","timestamp":"2025-01-08T16:26:47.525Z"}
{"level":"info","message":"Server is running on port 3000","timestamp":"2025-01-08T16:26:47.530Z"}
{"error":"404","level":"error","message":"Failed to connect to OpenVidu Server:","timestamp":"2025-01-08T16:26:47.537Z","url":"http://localhost:7880"}
{"level":"warn","message":"OpenVidu Server connection failed. Make sure the server is running and accessible.","timestamp":"2025-01-08T16:26:47.537Z"}
{"level":"warn","message":"OPENVIDU_SECRET not set in environment variables, using default value. This is not recommended for production.","timestamp":"2025-01-08T16:28:14.411Z"}
{"level":"info","message":"OpenVidu configured with URL: https://localhost:4443","timestamp":"2025-01-08T16:28:14.433Z"}
{"level":"info","message":"Server is running on port 3000","timestamp":"2025-01-08T16:28:14.438Z"}
{"error":"[object Object]","level":"error","message":"Failed to connect to OpenVidu Server:","timestamp":"2025-01-08T16:28:14.441Z","url":"https://localhost:4443"}
{"level":"warn","message":"OpenVidu Server connection failed. Make sure the server is running and accessible.","timestamp":"2025-01-08T16:28:14.442Z"}
{"level":"info","message":"OpenVidu configured with URL: https://192-168-0-74.openvidu-local.dev:7443","timestamp":"2025-01-08T16:29:14.592Z"}
{"level":"info","message":"Server is running on port 3000","timestamp":"2025-01-08T16:29:14.599Z"}
{"error":"404","level":"error","message":"Failed to connect to OpenVidu Server:","stack":"Error: 404\n    at OpenVidu.handleError (/Users/mbalkhi/Desktop/Agile_Senior/ai-agile-senior-project/Backend/MeetingService/node_modules/openvidu-node-client/lib/OpenVidu.js:684:20)\n    at /Users/mbalkhi/Desktop/Agile_Senior/ai-agile-senior-project/Backend/MeetingService/node_modules/openvidu-node-client/lib/OpenVidu.js:499:27\n    at process.processTicksAndRejections (node:internal/process/task_queues:105:5)","timestamp":"2025-01-08T16:29:15.204Z","url":"https://192-168-0-74.openvidu-local.dev:7443"}
{"level":"warn","message":"OpenVidu Server connection failed. Make sure the server is running and accessible.","timestamp":"2025-01-08T16:29:15.205Z"}
{"level":"info","message":"OpenVidu configured with URL: https://192-168-0-74.openvidu-local.dev:7443","timestamp":"2025-01-08T16:29:55.496Z"}
{"level":"info","message":"Server is running on port 3000","timestamp":"2025-01-08T16:29:55.503Z"}
{"error":"404","level":"error","message":"Failed to connect to OpenVidu Server:","stack":"Error: 404\n    at OpenVidu.handleError (/Users/mbalkhi/Desktop/Agile_Senior/ai-agile-senior-project/Backend/MeetingService/node_modules/openvidu-node-client/lib/OpenVidu.js:684:20)\n    at /Users/mbalkhi/Desktop/Agile_Senior/ai-agile-senior-project/Backend/MeetingService/node_modules/openvidu-node-client/lib/OpenVidu.js:499:27\n    at process.processTicksAndRejections (node:internal/process/task_queues:105:5)","timestamp":"2025-01-08T16:29:55.701Z","url":"https://192-168-0-74.openvidu-local.dev:7443"}
{"level":"warn","message":"OpenVidu Server connection failed. Make sure the server is running and accessible.","timestamp":"2025-01-08T16:29:55.702Z"}
{"level":"warn","message":"OPENVIDU_SECRET not set in environment variables, using default value. This is not recommended for production.","timestamp":"2025-01-08T16:44:38.090Z"}
{"level":"info","message":"OpenVidu configured with URL: http://localhost:7880/openvidu/api","timestamp":"2025-01-08T16:44:38.105Z"}
{"level":"info","message":"Server is running on port 3000","timestamp":"2025-01-08T16:44:38.112Z"}
{"level":"warn","message":"Local connection failed, trying remote URL...","timestamp":"2025-01-08T16:44:38.128Z"}
{"error":"404","level":"error","localUrl":"http://localhost:7880/openvidu/api","message":"Failed to connect to OpenVidu Server:","remoteUrl":"https://192-168-0-74.openvidu-local.dev:7443/openvidu/api","stack":"Error: 404\n    at OpenVidu.handleError (/Users/mbalkhi/Desktop/Agile_Senior/ai-agile-senior-project/Backend/MeetingService/node_modules/openvidu-node-client/lib/OpenVidu.js:684:20)\n    at /Users/mbalkhi/Desktop/Agile_Senior/ai-agile-senior-project/Backend/MeetingService/node_modules/openvidu-node-client/lib/OpenVidu.js:499:27\n    at process.processTicksAndRejections (node:internal/process/task_queues:105:5)","timestamp":"2025-01-08T16:44:38.718Z"}
{"level":"warn","message":"OpenVidu Server connection failed. Make sure the server is running and accessible.","timestamp":"2025-01-08T16:44:38.719Z"}
{"level":"warn","message":"Local connection failed, trying remote URL...","timestamp":"2025-01-08T16:51:13.146Z"}
{"error":"404","level":"error","localUrl":"http://localhost:7880/openvidu/api","message":"Failed to connect to OpenVidu Server:","remoteUrl":"https://192-168-0-74.openvidu-local.dev:7443/openvidu/api","stack":"Error: 404\n    at OpenVidu.handleError (/Users/mbalkhi/Desktop/Agile_Senior/ai-agile-senior-project/Backend/MeetingService/node_modules/openvidu-node-client/lib/OpenVidu.js:684:20)\n    at /Users/mbalkhi/Desktop/Agile_Senior/ai-agile-senior-project/Backend/MeetingService/node_modules/openvidu-node-client/lib/OpenVidu.js:499:27\n    at process.processTicksAndRejections (node:internal/process/task_queues:105:5)","timestamp":"2025-01-08T16:51:13.172Z"}
{"error":"OpenVidu server is not accessible","level":"error","message":"Error creating session:","sessionId":"test-session-1","stack":"Error: OpenVidu server is not accessible\n    at SessionService.createSession (/Users/mbalkhi/Desktop/Agile_Senior/ai-agile-senior-project/Backend/MeetingService/src/services/sessionService.js:11:23)\n    at process.processTicksAndRejections (node:internal/process/task_queues:105:5)\n    at async /Users/mbalkhi/Desktop/Agile_Senior/ai-agile-senior-project/Backend/MeetingService/src/routes/sessionRoutes.js:24:29","timestamp":"2025-01-08T16:51:13.173Z"}
{"level":"error","status":"error","statusCode":503,"timestamp":"2025-01-08T16:51:13.173Z"}
{"level":"warn","message":"OPENVIDU_SECRET not set in environment variables, using default value. This is not recommended for production.","timestamp":"2025-01-08T16:51:38.810Z"}
{"level":"info","message":"OpenVidu configured with URL: http://localhost:7880","timestamp":"2025-01-08T16:51:38.824Z"}
{"level":"info","message":"Server is running on port 3000","timestamp":"2025-01-08T16:51:38.830Z"}
{"error":"404","level":"error","message":"Failed to connect to OpenVidu Server:","stack":"Error: 404\n    at OpenVidu.handleError (/Users/mbalkhi/Desktop/Agile_Senior/ai-agile-senior-project/Backend/MeetingService/node_modules/openvidu-node-client/lib/OpenVidu.js:684:20)\n    at /Users/mbalkhi/Desktop/Agile_Senior/ai-agile-senior-project/Backend/MeetingService/node_modules/openvidu-node-client/lib/OpenVidu.js:499:27\n    at process.processTicksAndRejections (node:internal/process/task_queues:105:5)","timestamp":"2025-01-08T16:51:38.842Z","url":"http://localhost:7880"}
{"level":"warn","message":"OpenVidu Server connection failed. Make sure the server is running and accessible.","timestamp":"2025-01-08T16:51:38.842Z"}
{"level":"warn","message":"OPENVIDU_SECRET not set in environment variables, using default value. This is not recommended for production.","timestamp":"2025-01-08T16:53:25.204Z"}
{"level":"info","message":"OpenVidu configured with URL: http://localhost:7880","timestamp":"2025-01-08T16:53:25.219Z"}
{"level":"info","message":"Server is running on port 3000","timestamp":"2025-01-08T16:53:25.224Z"}
{"level":"warn","message":"Local connection failed, trying remote URL...","timestamp":"2025-01-08T16:53:25.236Z"}
{"error":"404","level":"error","localUrl":"http://localhost:7880","message":"Failed to connect to OpenVidu Server:","remoteUrl":"https://192-168-0-74.openvidu-local.dev:7443","stack":"Error: 404\n    at OpenVidu.handleError (/Users/mbalkhi/Desktop/Agile_Senior/ai-agile-senior-project/Backend/MeetingService/node_modules/openvidu-node-client/lib/OpenVidu.js:684:20)\n    at /Users/mbalkhi/Desktop/Agile_Senior/ai-agile-senior-project/Backend/MeetingService/node_modules/openvidu-node-client/lib/OpenVidu.js:499:27\n    at process.processTicksAndRejections (node:internal/process/task_queues:105:5)","timestamp":"2025-01-08T16:53:25.453Z"}
{"level":"warn","message":"OpenVidu Server connection failed. Make sure the server is running and accessible.","timestamp":"2025-01-08T16:53:25.454Z"}
{"level":"warn","message":"OPENVIDU_SECRET not set in environment variables, using default value. This is not recommended for production.","timestamp":"2025-01-08T16:59:54.272Z"}
{"level":"info","message":"OpenVidu configured with URL: http://localhost:4443","timestamp":"2025-01-08T16:59:54.285Z"}
{"level":"info","message":"Server is running on port 3000","timestamp":"2025-01-08T16:59:54.290Z"}
{"level":"info","message":"Successfully connected to OpenVidu Server","timestamp":"2025-01-08T16:59:54.629Z"}
{"level":"info","message":"Successfully connected to OpenVidu Server","timestamp":"2025-01-08T17:00:32.807Z"}
{"level":"info","message":"Session created with ID: test-session-1","timestamp":"2025-01-08T17:00:33.066Z"}
{"level":"info","message":"Token generated for session: test-session-1","timestamp":"2025-01-08T17:00:33.235Z"}
{"level":"info","message":"Token generated for session: test-session-1","timestamp":"2025-01-08T17:00:46.563Z"}
{"level":"info","message":"Session closed: test-session-1","timestamp":"2025-01-08T17:01:01.922Z"}
{"level":"warn","message":"OPENVIDU_SECRET not set in environment variables, using default value. This is not recommended for production.","timestamp":"2025-01-08T17:05:11.350Z"}
{"level":"info","message":"OpenVidu configured with URL: http://localhost:4443","timestamp":"2025-01-08T17:05:11.364Z"}
{"level":"info","message":"Server is running on port 3000","timestamp":"2025-01-08T17:05:11.370Z"}
{"level":"info","message":"Successfully connected to OpenVidu Server","timestamp":"2025-01-08T17:05:11.515Z"}
{"level":"info","message":"Successfully connected to OpenVidu Server","timestamp":"2025-01-08T17:05:16.573Z"}
{"level":"info","message":"Session created with ID: test-session-1","timestamp":"2025-01-08T17:05:16.681Z"}
{"level":"info","message":"Token generated for session: test-session-1","timestamp":"2025-01-08T17:05:16.795Z"}
{"level":"error","message":"Error starting recording: 501","stack":"Error: 501\n    at OpenVidu.handleError (/Users/mbalkhi/Desktop/Agile_Senior/ai-agile-senior-project/Backend/MeetingService/node_modules/openvidu-node-client/lib/OpenVidu.js:684:20)\n    at /Users/mbalkhi/Desktop/Agile_Senior/ai-agile-senior-project/Backend/MeetingService/node_modules/openvidu-node-client/lib/OpenVidu.js:154:27\n    at process.processTicksAndRejections (node:internal/process/task_queues:105:5)","timestamp":"2025-01-08T17:05:27.882Z"}
{"level":"error","status":"error","statusCode":500,"timestamp":"2025-01-08T17:05:27.882Z"}
{"level":"warn","message":"OPENVIDU_SECRET not set in environment variables, using default value. This is not recommended for production.","timestamp":"2025-01-08T17:06:27.310Z"}
{"level":"info","message":"OpenVidu configured with URL: http://localhost:4443","timestamp":"2025-01-08T17:06:27.324Z"}
{"level":"info","message":"Server is running on port 3000","timestamp":"2025-01-08T17:06:27.329Z"}
{"level":"info","message":"Successfully connected to OpenVidu Server","timestamp":"2025-01-08T17:06:27.482Z"}
{"level":"error","message":"Error starting recording: 501","stack":"Error: 501\n    at OpenVidu.handleError (/Users/mbalkhi/Desktop/Agile_Senior/ai-agile-senior-project/Backend/MeetingService/node_modules/openvidu-node-client/lib/OpenVidu.js:684:20)\n    at /Users/mbalkhi/Desktop/Agile_Senior/ai-agile-senior-project/Backend/MeetingService/node_modules/openvidu-node-client/lib/OpenVidu.js:154:27\n    at process.processTicksAndRejections (node:internal/process/task_queues:105:5)","timestamp":"2025-01-08T17:06:39.407Z"}
{"level":"error","status":"error","statusCode":501,"timestamp":"2025-01-08T17:06:39.408Z"}
{"level":"warn","message":"OPENVIDU_SECRET not set in environment variables, using default value. This is not recommended for production.","timestamp":"2025-01-08T17:07:49.475Z"}
{"level":"info","message":"OpenVidu configured with URL: http://localhost:4443","timestamp":"2025-01-08T17:07:49.490Z"}
{"level":"info","message":"Server is running on port 3000","timestamp":"2025-01-08T17:07:49.497Z"}
{"level":"warn","message":"Local connection failed, trying remote URL...","timestamp":"2025-01-08T17:07:49.504Z"}
{"error":"[object Object]","level":"error","localUrl":"http://localhost:4443","message":"Failed to connect to OpenVidu Server:","remoteUrl":"https://192-168-0-74.openvidu-local.dev:7443","stack":"Error: [object Object]\n    at OpenVidu.handleError (/Users/mbalkhi/Desktop/Agile_Senior/ai-agile-senior-project/Backend/MeetingService/node_modules/openvidu-node-client/lib/OpenVidu.js:694:20)\n    at /Users/mbalkhi/Desktop/Agile_Senior/ai-agile-senior-project/Backend/MeetingService/node_modules/openvidu-node-client/lib/OpenVidu.js:504:23\n    at process.processTicksAndRejections (node:internal/process/task_queues:105:5)","timestamp":"2025-01-08T17:07:49.520Z"}
{"level":"warn","message":"OpenVidu Server connection failed. Make sure the server is running and accessible.","timestamp":"2025-01-08T17:07:49.521Z"}
{"level":"warn","message":"OPENVIDU_SECRET not set in environment variables, using default value. This is not recommended for production.","timestamp":"2025-01-08T17:07:53.331Z"}
{"level":"info","message":"OpenVidu configured with URL: http://localhost:4443","timestamp":"2025-01-08T17:07:53.343Z"}
{"level":"info","message":"Server is running on port 3000","timestamp":"2025-01-08T17:07:53.349Z"}
{"level":"warn","message":"Local connection failed, trying remote URL...","timestamp":"2025-01-08T17:07:53.353Z"}
{"error":"[object Object]","level":"error","localUrl":"http://localhost:4443","message":"Failed to connect to OpenVidu Server:","remoteUrl":"https://192-168-0-74.openvidu-local.dev:7443","stack":"Error: [object Object]\n    at OpenVidu.handleError (/Users/mbalkhi/Desktop/Agile_Senior/ai-agile-senior-project/Backend/MeetingService/node_modules/openvidu-node-client/lib/OpenVidu.js:694:20)\n    at /Users/mbalkhi/Desktop/Agile_Senior/ai-agile-senior-project/Backend/MeetingService/node_modules/openvidu-node-client/lib/OpenVidu.js:504:23\n    at process.processTicksAndRejections (node:internal/process/task_queues:105:5)","timestamp":"2025-01-08T17:07:53.372Z"}
{"level":"warn","message":"OpenVidu Server connection failed. Make sure the server is running and accessible.","timestamp":"2025-01-08T17:07:53.373Z"}
{"level":"warn","message":"OPENVIDU_SECRET not set in environment variables, using default value. This is not recommended for production.","timestamp":"2025-01-08T17:40:52.992Z"}
{"level":"info","message":"OpenVidu configured with URL: http://localhost:4443","timestamp":"2025-01-08T17:40:53.008Z"}
{"level":"info","message":"Server is running on port 3000","timestamp":"2025-01-08T17:40:53.015Z"}
{"level":"info","message":"Successfully connected to OpenVidu Server","timestamp":"2025-01-08T17:40:53.639Z"}
{"level":"info","message":"Successfully connected to OpenVidu Server","timestamp":"2025-01-08T17:41:24.625Z"}
{"level":"info","message":"Session created with ID: test-session-1","timestamp":"2025-01-08T17:41:24.928Z"}
{"level":"info","message":"Token generated for session: test-session-1","timestamp":"2025-01-08T17:41:25.087Z"}
{"level":"error","message":"Error starting recording: 501","stack":"Error: 501\n    at OpenVidu.handleError (/Users/mbalkhi/Desktop/Agile_Senior/ai-agile-senior-project/Backend/MeetingService/node_modules/openvidu-node-client/lib/OpenVidu.js:684:20)\n    at /Users/mbalkhi/Desktop/Agile_Senior/ai-agile-senior-project/Backend/MeetingService/node_modules/openvidu-node-client/lib/OpenVidu.js:154:27\n    at process.processTicksAndRejections (node:internal/process/task_queues:105:5)","timestamp":"2025-01-08T17:41:43.304Z"}
{"level":"error","status":"error","statusCode":501,"timestamp":"2025-01-08T17:41:43.304Z"}
{"level":"warn","message":"OPENVIDU_SECRET not set in environment variables, using default value. This is not recommended for production.","timestamp":"2025-01-08T22:09:45.313Z"}
{"level":"info","message":"OpenVidu configured with URL: https://localhost:8080","timestamp":"2025-01-08T22:09:45.341Z"}
{"level":"info","message":"Server is running on port 3000","timestamp":"2025-01-08T22:09:45.348Z"}
{"error":"502","level":"error","message":"Failed to connect to OpenVidu Server:","stack":"Error: 502\n    at OpenVidu.handleError (/Users/mbalkhi/Desktop/Agile_Senior/ai-agile-senior-project/Backend/MeetingService/node_modules/openvidu-node-client/lib/OpenVidu.js:684:20)\n    at /Users/mbalkhi/Desktop/Agile_Senior/ai-agile-senior-project/Backend/MeetingService/node_modules/openvidu-node-client/lib/OpenVidu.js:499:27\n    at process.processTicksAndRejections (node:internal/process/task_queues:105:5)","timestamp":"2025-01-08T22:09:45.392Z","url":"https://localhost:8080"}
{"level":"warn","message":"OpenVidu Server connection failed. Make sure the server is running and accessible.","timestamp":"2025-01-08T22:09:45.392Z"}
{"level":"warn","message":"OPENVIDU_SECRET not set in environment variables, using default value. This is not recommended for production.","timestamp":"2025-01-08T22:10:25.382Z"}
{"level":"info","message":"OpenVidu configured with URL: https://localhost:5443","timestamp":"2025-01-08T22:10:25.404Z"}
{"level":"info","message":"Server is running on port 3000","timestamp":"2025-01-08T22:10:25.410Z"}
{"error":"[object Object]","level":"error","message":"Failed to connect to OpenVidu Server:","stack":"Error: [object Object]\n    at OpenVidu.handleError (/Users/mbalkhi/Desktop/Agile_Senior/ai-agile-senior-project/Backend/MeetingService/node_modules/openvidu-node-client/lib/OpenVidu.js:694:20)\n    at /Users/mbalkhi/Desktop/Agile_Senior/ai-agile-senior-project/Backend/MeetingService/node_modules/openvidu-node-client/lib/OpenVidu.js:504:23\n    at process.processTicksAndRejections (node:internal/process/task_queues:105:5)","timestamp":"2025-01-08T22:10:25.462Z","url":"https://localhost:5443"}
{"level":"warn","message":"OpenVidu Server connection failed. Make sure the server is running and accessible.","timestamp":"2025-01-08T22:10:25.463Z"}
{"level":"warn","message":"OPENVIDU_SECRET not set in environment variables, using default value. This is not recommended for production.","timestamp":"2025-01-08T22:10:33.588Z"}
{"level":"info","message":"OpenVidu configured with URL: https://localhost:5443","timestamp":"2025-01-08T22:10:33.610Z"}
{"level":"info","message":"Server is running on port 3000","timestamp":"2025-01-08T22:10:33.616Z"}
{"error":"[object Object]","level":"error","message":"Failed to connect to OpenVidu Server:","stack":"Error: [object Object]\n    at OpenVidu.handleError (/Users/mbalkhi/Desktop/Agile_Senior/ai-agile-senior-project/Backend/MeetingService/node_modules/openvidu-node-client/lib/OpenVidu.js:694:20)\n    at /Users/mbalkhi/Desktop/Agile_Senior/ai-agile-senior-project/Backend/MeetingService/node_modules/openvidu-node-client/lib/OpenVidu.js:504:23\n    at process.processTicksAndRejections (node:internal/process/task_queues:105:5)","timestamp":"2025-01-08T22:10:33.628Z","url":"https://localhost:5443"}
{"level":"warn","message":"OpenVidu Server connection failed. Make sure the server is running and accessible.","timestamp":"2025-01-08T22:10:33.629Z"}
{"level":"warn","message":"OPENVIDU_SECRET not set in environment variables, using default value. This is not recommended for production.","timestamp":"2025-01-08T22:11:42.631Z"}
{"level":"info","message":"OpenVidu configured with URL: http://localhost:5443","timestamp":"2025-01-08T22:11:42.645Z"}
{"level":"info","message":"Server is running on port 3000","timestamp":"2025-01-08T22:11:42.652Z"}
{"level":"info","message":"Successfully connected to OpenVidu Server","timestamp":"2025-01-08T22:11:42.855Z"}
{"level":"info","message":"Successfully connected to OpenVidu Server","timestamp":"2025-01-08T22:11:54.093Z"}
{"level":"info","message":"Session created with ID: test-session-1","timestamp":"2025-01-08T22:11:54.256Z"}
{"level":"info","message":"Token generated for session: test-session-1","timestamp":"2025-01-08T22:11:54.410Z"}
{"level":"error","message":"Error starting recording: 400","stack":"Error: 400\n    at OpenVidu.handleError (/Users/mbalkhi/Desktop/Agile_Senior/ai-agile-senior-project/Backend/MeetingService/node_modules/openvidu-node-client/lib/OpenVidu.js:684:20)\n    at /Users/mbalkhi/Desktop/Agile_Senior/ai-agile-senior-project/Backend/MeetingService/node_modules/openvidu-node-client/lib/OpenVidu.js:154:27\n    at process.processTicksAndRejections (node:internal/process/task_queues:105:5)","timestamp":"2025-01-08T22:12:08.967Z"}
{"level":"error","status":"error","statusCode":500,"timestamp":"2025-01-08T22:12:08.968Z"}
{"level":"warn","message":"OPENVIDU_SECRET not set in environment variables, using default value. This is not recommended for production.","timestamp":"2025-01-08T22:13:40.645Z"}
{"level":"info","message":"OpenVidu configured with URL: http://localhost:5443","timestamp":"2025-01-08T22:13:40.658Z"}
{"level":"info","message":"Server is running on port 3000","timestamp":"2025-01-08T22:13:40.664Z"}
{"level":"info","message":"Successfully connected to OpenVidu Server","timestamp":"2025-01-08T22:13:40.813Z"}
{"error":"400","level":"error","message":"Error starting recording:","sessionId":"test-session-1","stack":"Error: 400\n    at OpenVidu.handleError (/Users/mbalkhi/Desktop/Agile_Senior/ai-agile-senior-project/Backend/MeetingService/node_modules/openvidu-node-client/lib/OpenVidu.js:684:20)\n    at /Users/mbalkhi/Desktop/Agile_Senior/ai-agile-senior-project/Backend/MeetingService/node_modules/openvidu-node-client/lib/OpenVidu.js:154:27\n    at process.processTicksAndRejections (node:internal/process/task_queues:105:5)","timestamp":"2025-01-08T22:13:45.450Z"}
{"level":"error","status":"error","statusCode":500,"timestamp":"2025-01-08T22:13:45.451Z"}
{"level":"warn","message":"OPENVIDU_SECRET not set in environment variables, using default value. This is not recommended for production.","timestamp":"2025-01-08T22:15:40.881Z"}
{"level":"info","message":"OpenVidu configured with URL: http://localhost:5443","timestamp":"2025-01-08T22:15:40.895Z"}
{"level":"info","message":"Server is running on port 3000","timestamp":"2025-01-08T22:15:40.901Z"}
{"level":"info","message":"Successfully connected to OpenVidu Server","timestamp":"2025-01-08T22:15:41.049Z"}
{"error":"400","level":"error","message":"Error starting recording:","sessionId":"test-session-1","stack":"Error: 400\n    at OpenVidu.handleError (/Users/mbalkhi/Desktop/Agile_Senior/ai-agile-senior-project/Backend/MeetingService/node_modules/openvidu-node-client/lib/OpenVidu.js:684:20)\n    at /Users/mbalkhi/Desktop/Agile_Senior/ai-agile-senior-project/Backend/MeetingService/node_modules/openvidu-node-client/lib/OpenVidu.js:154:27\n    at process.processTicksAndRejections (node:internal/process/task_queues:105:5)","timestamp":"2025-01-08T22:15:45.122Z"}
{"level":"error","status":"error","statusCode":500,"timestamp":"2025-01-08T22:15:45.123Z"}
{"level":"warn","message":"OPENVIDU_SECRET not set in environment variables, using default value. This is not recommended for production.","timestamp":"2025-01-08T22:18:20.203Z"}
{"level":"info","message":"OpenVidu configured with URL: http://localhost:5443","timestamp":"2025-01-08T22:18:20.217Z"}
{"level":"info","message":"Server is running on port 3000","timestamp":"2025-01-08T22:18:20.223Z"}
{"level":"info","message":"Successfully connected to OpenVidu Server","timestamp":"2025-01-08T22:18:20.353Z"}
{"error":"406","level":"error","message":"Error starting recording:","sessionId":"test-session-1","stack":"Error: 406\n    at OpenVidu.handleError (/Users/mbalkhi/Desktop/Agile_Senior/ai-agile-senior-project/Backend/MeetingService/node_modules/openvidu-node-client/lib/OpenVidu.js:684:20)\n    at /Users/mbalkhi/Desktop/Agile_Senior/ai-agile-senior-project/Backend/MeetingService/node_modules/openvidu-node-client/lib/OpenVidu.js:154:27\n    at process.processTicksAndRejections (node:internal/process/task_queues:105:5)","timestamp":"2025-01-08T22:18:24.355Z"}
{"level":"error","status":"fail","statusCode":406,"timestamp":"2025-01-08T22:18:24.356Z"}
{"level":"info","message":"Successfully connected to OpenVidu Server","timestamp":"2025-01-08T23:18:04.764Z"}
{"error":"Session ID already exists","level":"error","message":"Error creating session:","sessionId":"test-session-1","stack":"Error: Session ID already exists\n    at SessionService.createSession (/Users/mbalkhi/Desktop/Agile_Senior/ai-agile-senior-project/Backend/MeetingService/src/services/sessionService.js:16:23)\n    at process.processTicksAndRejections (node:internal/process/task_queues:105:5)\n    at async /Users/mbalkhi/Desktop/Agile_Senior/ai-agile-senior-project/Backend/MeetingService/src/routes/sessionRoutes.js:24:29","timestamp":"2025-01-08T23:18:04.764Z"}
{"level":"error","status":"fail","statusCode":409,"timestamp":"2025-01-08T23:18:04.765Z"}
{"level":"info","message":"Session closed: test-session-1","timestamp":"2025-01-08T23:18:19.406Z"}
{"level":"info","message":"Successfully connected to OpenVidu Server","timestamp":"2025-01-08T23:18:22.798Z"}
{"level":"info","message":"Session created with ID: test-session-1","timestamp":"2025-01-08T23:18:22.937Z"}
{"level":"info","message":"Token generated for session: test-session-1","timestamp":"2025-01-08T23:18:23.044Z"}
{"level":"info","message":"Token generated for session: test-session-1","timestamp":"2025-01-08T23:18:29.345Z"}
{"error":"406","level":"error","message":"Error starting recording:","sessionId":"test-session-1","stack":"Error: 406\n    at OpenVidu.handleError (/Users/mbalkhi/Desktop/Agile_Senior/ai-agile-senior-project/Backend/MeetingService/node_modules/openvidu-node-client/lib/OpenVidu.js:684:20)\n    at /Users/mbalkhi/Desktop/Agile_Senior/ai-agile-senior-project/Backend/MeetingService/node_modules/openvidu-node-client/lib/OpenVidu.js:154:27\n    at process.processTicksAndRejections (node:internal/process/task_queues:105:5)","timestamp":"2025-01-08T23:18:33.740Z"}
{"level":"error","status":"fail","statusCode":406,"timestamp":"2025-01-08T23:18:33.740Z"}
{"level":"error","message":"Error getting recording: 404","stack":"Error: 404\n    at OpenVidu.handleError (/Users/mbalkhi/Desktop/Agile_Senior/ai-agile-senior-project/Backend/MeetingService/node_modules/openvidu-node-client/lib/OpenVidu.js:684:20)\n    at /Users/mbalkhi/Desktop/Agile_Senior/ai-agile-senior-project/Backend/MeetingService/node_modules/openvidu-node-client/lib/OpenVidu.js:238:27\n    at process.processTicksAndRejections (node:internal/process/task_queues:105:5)","timestamp":"2025-01-08T23:18:39.541Z"}
{"level":"error","status":"fail","statusCode":404,"timestamp":"2025-01-08T23:18:39.541Z"}
{"level":"error","message":"Error getting session info: Session not found","stack":"Error: Session not found\n    at SessionService.getSessionInfo (/Users/mbalkhi/Desktop/Agile_Senior/ai-agile-senior-project/Backend/MeetingService/src/services/sessionService.js:109:23)\n    at process.processTicksAndRejections (node:internal/process/task_queues:105:5)\n    at async /Users/mbalkhi/Desktop/Agile_Senior/ai-agile-senior-project/Backend/MeetingService/src/routes/sessionRoutes.js:94:33","status":"fail","statusCode":404,"timestamp":"2025-01-08T23:19:00.968Z"}
{"level":"error","status":"error","statusCode":500,"timestamp":"2025-01-08T23:19:00.968Z"}
{"level":"error","message":"Error getting session info: Session not found","stack":"Error: Session not found\n    at SessionService.getSessionInfo (/Users/mbalkhi/Desktop/Agile_Senior/ai-agile-senior-project/Backend/MeetingService/src/services/sessionService.js:109:23)\n    at process.processTicksAndRejections (node:internal/process/task_queues:105:5)\n    at async /Users/mbalkhi/Desktop/Agile_Senior/ai-agile-senior-project/Backend/MeetingService/src/routes/sessionRoutes.js:94:33","status":"fail","statusCode":404,"timestamp":"2025-01-08T23:19:51.162Z"}
{"level":"error","status":"error","statusCode":500,"timestamp":"2025-01-08T23:19:51.163Z"}
{"level":"info","message":"Successfully connected to OpenVidu Server","timestamp":"2025-01-08T23:21:01.678Z"}
{"error":"Session ID already exists","level":"error","message":"Error creating session:","sessionId":"test-session-1","stack":"Error: Session ID already exists\n    at SessionService.createSession (/Users/mbalkhi/Desktop/Agile_Senior/ai-agile-senior-project/Backend/MeetingService/src/services/sessionService.js:16:23)\n    at process.processTicksAndRejections (node:internal/process/task_queues:105:5)\n    at async /Users/mbalkhi/Desktop/Agile_Senior/ai-agile-senior-project/Backend/MeetingService/src/routes/sessionRoutes.js:24:29","timestamp":"2025-01-08T23:21:01.678Z"}
{"level":"error","status":"fail","statusCode":409,"timestamp":"2025-01-08T23:21:01.679Z"}
{"level":"info","message":"Session closed: test-session-1","timestamp":"2025-01-08T23:21:04.899Z"}
{"level":"info","message":"Successfully connected to OpenVidu Server","timestamp":"2025-01-08T23:21:07.900Z"}
{"level":"info","message":"Session created with ID: test-session-1","timestamp":"2025-01-08T23:21:08.009Z"}
{"level":"info","message":"Token generated for session: test-session-1","timestamp":"2025-01-08T23:21:08.125Z"}
{"level":"info","message":"Token generated for session: test-session-1","timestamp":"2025-01-08T23:21:17.293Z"}
{"error":"406","level":"error","message":"Error starting recording:","sessionId":"test-session-1","stack":"Error: 406\n    at OpenVidu.handleError (/Users/mbalkhi/Desktop/Agile_Senior/ai-agile-senior-project/Backend/MeetingService/node_modules/openvidu-node-client/lib/OpenVidu.js:684:20)\n    at /Users/mbalkhi/Desktop/Agile_Senior/ai-agile-senior-project/Backend/MeetingService/node_modules/openvidu-node-client/lib/OpenVidu.js:154:27\n    at process.processTicksAndRejections (node:internal/process/task_queues:105:5)","timestamp":"2025-01-08T23:21:23.645Z"}
{"level":"error","status":"fail","statusCode":406,"timestamp":"2025-01-08T23:21:23.647Z"}
{"level":"error","message":"Error getting recording: 404","stack":"Error: 404\n    at OpenVidu.handleError (/Users/mbalkhi/Desktop/Agile_Senior/ai-agile-senior-project/Backend/MeetingService/node_modules/openvidu-node-client/lib/OpenVidu.js:684:20)\n    at /Users/mbalkhi/Desktop/Agile_Senior/ai-agile-senior-project/Backend/MeetingService/node_modules/openvidu-node-client/lib/OpenVidu.js:238:27\n    at process.processTicksAndRejections (node:internal/process/task_queues:105:5)","timestamp":"2025-01-08T23:21:31.086Z"}
{"level":"error","status":"fail","statusCode":404,"timestamp":"2025-01-08T23:21:31.087Z"}
{"level":"error","message":"Error getting session info: Session not found","stack":"Error: Session not found\n    at SessionService.getSessionInfo (/Users/mbalkhi/Desktop/Agile_Senior/ai-agile-senior-project/Backend/MeetingService/src/services/sessionService.js:109:23)\n    at process.processTicksAndRejections (node:internal/process/task_queues:105:5)\n    at async /Users/mbalkhi/Desktop/Agile_Senior/ai-agile-senior-project/Backend/MeetingService/src/routes/sessionRoutes.js:94:33","status":"fail","statusCode":404,"timestamp":"2025-01-08T23:22:06.525Z"}
{"level":"error","status":"error","statusCode":500,"timestamp":"2025-01-08T23:22:06.527Z"}
{"level":"info","message":"Session closed: test-session-1","timestamp":"2025-01-08T23:22:13.928Z"}
{"level":"info","message":"Successfully connected to OpenVidu Server","timestamp":"2025-01-08T23:23:14.162Z"}
{"level":"info","message":"Session created with ID: test-session-1","timestamp":"2025-01-08T23:23:14.273Z"}
{"level":"info","message":"Token generated for session: test-session-1","timestamp":"2025-01-08T23:23:14.382Z"}
{"level":"info","message":"Token generated for session: test-session-1","timestamp":"2025-01-08T23:23:17.578Z"}
{"level":"warn","message":"Local connection failed, trying remote URL...","timestamp":"2025-01-08T23:45:52.296Z"}
{"error":"400","level":"error","localUrl":"http://localhost:5443","message":"Failed to connect to OpenVidu Server:","remoteUrl":"http://192-168-0-74.openvidu-local.dev:5443","stack":"Error: 400\n    at OpenVidu.handleError (/Users/mbalkhi/Desktop/Agile_Senior/ai-agile-senior-project/Backend/MeetingService/node_modules/openvidu-node-client/lib/OpenVidu.js:684:20)\n    at /Users/mbalkhi/Desktop/Agile_Senior/ai-agile-senior-project/Backend/MeetingService/node_modules/openvidu-node-client/lib/OpenVidu.js:499:27\n    at process.processTicksAndRejections (node:internal/process/task_queues:105:5)","timestamp":"2025-01-08T23:45:52.659Z"}
{"error":"OpenVidu server is not accessible","level":"error","message":"Error creating session:","sessionId":"test-session-1","stack":"Error: OpenVidu server is not accessible\n    at SessionService.createSession (/Users/mbalkhi/Desktop/Agile_Senior/ai-agile-senior-project/Backend/MeetingService/src/services/sessionService.js:11:23)\n    at process.processTicksAndRejections (node:internal/process/task_queues:105:5)\n    at async /Users/mbalkhi/Desktop/Agile_Senior/ai-agile-senior-project/Backend/MeetingService/src/routes/sessionRoutes.js:24:29","timestamp":"2025-01-08T23:45:52.660Z"}
{"level":"error","status":"error","statusCode":503,"timestamp":"2025-01-08T23:45:52.660Z"}
{"level":"warn","message":"OPENVIDU_SECRET not set in environment variables, using default value. This is not recommended for production.","timestamp":"2025-01-08T23:46:20.973Z"}
{"level":"info","message":"OpenVidu configured with URL: https://localhost:5443","timestamp":"2025-01-08T23:46:21.004Z"}
{"level":"info","message":"Server is running on port 3000","timestamp":"2025-01-08T23:46:21.012Z"}
{"level":"info","message":"Successfully connected to OpenVidu Server","timestamp":"2025-01-08T23:46:21.232Z"}
{"level":"info","message":"Successfully connected to OpenVidu Server","timestamp":"2025-01-08T23:46:24.321Z"}
{"level":"info","message":"Session created with ID: test-session-1","timestamp":"2025-01-08T23:46:24.446Z"}
{"level":"info","message":"Token generated for session: test-session-1","timestamp":"2025-01-08T23:46:24.558Z"}
{"level":"info","message":"Token generated for session: test-session-1","timestamp":"2025-01-08T23:46:35.429Z"}
{"level":"error","message":"Error generating token: 404","stack":"Error: 404\n    at OpenVidu.handleError (/Users/mbalkhi/Desktop/Agile_Senior/ai-agile-senior-project/Backend/MeetingService/node_modules/openvidu-node-client/lib/OpenVidu.js:684:20)\n    at /Users/mbalkhi/Desktop/Agile_Senior/ai-agile-senior-project/Backend/MeetingService/node_modules/openvidu-node-client/lib/Session.js:112:30\n    at process.processTicksAndRejections (node:internal/process/task_queues:105:5)","timestamp":"2025-01-09T00:10:22.531Z"}
{"level":"error","status":"error","statusCode":500,"timestamp":"2025-01-09T00:10:22.532Z"}
{"level":"error","message":"Error generating token: 404","stack":"Error: 404\n    at OpenVidu.handleError (/Users/mbalkhi/Desktop/Agile_Senior/ai-agile-senior-project/Backend/MeetingService/node_modules/openvidu-node-client/lib/OpenVidu.js:684:20)\n    at /Users/mbalkhi/Desktop/Agile_Senior/ai-agile-senior-project/Backend/MeetingService/node_modules/openvidu-node-client/lib/Session.js:112:30\n    at process.processTicksAndRejections (node:internal/process/task_queues:105:5)","timestamp":"2025-01-09T00:10:25.839Z"}
{"level":"error","status":"error","statusCode":500,"timestamp":"2025-01-09T00:10:25.840Z"}
{"level":"error","message":"Error generating token: 404","stack":"Error: 404\n    at OpenVidu.handleError (/Users/mbalkhi/Desktop/Agile_Senior/ai-agile-senior-project/Backend/MeetingService/node_modules/openvidu-node-client/lib/OpenVidu.js:684:20)\n    at /Users/mbalkhi/Desktop/Agile_Senior/ai-agile-senior-project/Backend/MeetingService/node_modules/openvidu-node-client/lib/Session.js:112:30\n    at process.processTicksAndRejections (node:internal/process/task_queues:105:5)","timestamp":"2025-01-09T00:10:27.257Z"}
{"level":"error","status":"error","statusCode":500,"timestamp":"2025-01-09T00:10:27.258Z"}
{"level":"error","message":"Error generating token: 404","stack":"Error: 404\n    at OpenVidu.handleError (/Users/mbalkhi/Desktop/Agile_Senior/ai-agile-senior-project/Backend/MeetingService/node_modules/openvidu-node-client/lib/OpenVidu.js:684:20)\n    at /Users/mbalkhi/Desktop/Agile_Senior/ai-agile-senior-project/Backend/MeetingService/node_modules/openvidu-node-client/lib/Session.js:112:30\n    at process.processTicksAndRejections (node:internal/process/task_queues:105:5)","timestamp":"2025-01-09T00:10:28.135Z"}
{"level":"error","status":"error","statusCode":500,"timestamp":"2025-01-09T00:10:28.135Z"}
{"level":"error","message":"Error generating token: 404","stack":"Error: 404\n    at OpenVidu.handleError (/Users/mbalkhi/Desktop/Agile_Senior/ai-agile-senior-project/Backend/MeetingService/node_modules/openvidu-node-client/lib/OpenVidu.js:684:20)\n    at /Users/mbalkhi/Desktop/Agile_Senior/ai-agile-senior-project/Backend/MeetingService/node_modules/openvidu-node-client/lib/Session.js:112:30\n    at process.processTicksAndRejections (node:internal/process/task_queues:105:5)","timestamp":"2025-01-09T00:10:28.830Z"}
{"level":"error","status":"error","statusCode":500,"timestamp":"2025-01-09T00:10:28.830Z"}
{"level":"error","message":"Error generating token: 404","stack":"Error: 404\n    at OpenVidu.handleError (/Users/mbalkhi/Desktop/Agile_Senior/ai-agile-senior-project/Backend/MeetingService/node_modules/openvidu-node-client/lib/OpenVidu.js:684:20)\n    at /Users/mbalkhi/Desktop/Agile_Senior/ai-agile-senior-project/Backend/MeetingService/node_modules/openvidu-node-client/lib/Session.js:112:30\n    at process.processTicksAndRejections (node:internal/process/task_queues:105:5)","timestamp":"2025-01-09T00:10:29.534Z"}
{"level":"error","status":"error","statusCode":500,"timestamp":"2025-01-09T00:10:29.534Z"}
{"level":"error","message":"Error generating token: 404","stack":"Error: 404\n    at OpenVidu.handleError (/Users/mbalkhi/Desktop/Agile_Senior/ai-agile-senior-project/Backend/MeetingService/node_modules/openvidu-node-client/lib/OpenVidu.js:684:20)\n    at /Users/mbalkhi/Desktop/Agile_Senior/ai-agile-senior-project/Backend/MeetingService/node_modules/openvidu-node-client/lib/Session.js:112:30\n    at process.processTicksAndRejections (node:internal/process/task_queues:105:5)","timestamp":"2025-01-09T00:10:30.288Z"}
{"level":"error","status":"error","statusCode":500,"timestamp":"2025-01-09T00:10:30.288Z"}
{"level":"error","message":"Error generating token: 404","stack":"Error: 404\n    at OpenVidu.handleError (/Users/mbalkhi/Desktop/Agile_Senior/ai-agile-senior-project/Backend/MeetingService/node_modules/openvidu-node-client/lib/OpenVidu.js:684:20)\n    at /Users/mbalkhi/Desktop/Agile_Senior/ai-agile-senior-project/Backend/MeetingService/node_modules/openvidu-node-client/lib/Session.js:112:30\n    at process.processTicksAndRejections (node:internal/process/task_queues:105:5)","timestamp":"2025-01-09T00:10:44.371Z"}
{"level":"error","status":"error","statusCode":500,"timestamp":"2025-01-09T00:10:44.371Z"}
{"level":"error","message":"Error generating token: 404","stack":"Error: 404\n    at OpenVidu.handleError (/Users/mbalkhi/Desktop/Agile_Senior/ai-agile-senior-project/Backend/MeetingService/node_modules/openvidu-node-client/lib/OpenVidu.js:684:20)\n    at /Users/mbalkhi/Desktop/Agile_Senior/ai-agile-senior-project/Backend/MeetingService/node_modules/openvidu-node-client/lib/Session.js:112:30\n    at process.processTicksAndRejections (node:internal/process/task_queues:105:5)","timestamp":"2025-01-09T00:10:50.846Z"}
{"level":"error","status":"error","statusCode":500,"timestamp":"2025-01-09T00:10:50.846Z"}
{"level":"error","message":"Error generating token: 404","stack":"Error: 404\n    at OpenVidu.handleError (/Users/mbalkhi/Desktop/Agile_Senior/ai-agile-senior-project/Backend/MeetingService/node_modules/openvidu-node-client/lib/OpenVidu.js:684:20)\n    at /Users/mbalkhi/Desktop/Agile_Senior/ai-agile-senior-project/Backend/MeetingService/node_modules/openvidu-node-client/lib/Session.js:112:30\n    at process.processTicksAndRejections (node:internal/process/task_queues:105:5)","timestamp":"2025-01-09T00:10:52.004Z"}
{"level":"error","status":"error","statusCode":500,"timestamp":"2025-01-09T00:10:52.004Z"}
{"level":"error","message":"Error generating token: 404","stack":"Error: 404\n    at OpenVidu.handleError (/Users/mbalkhi/Desktop/Agile_Senior/ai-agile-senior-project/Backend/MeetingService/node_modules/openvidu-node-client/lib/OpenVidu.js:684:20)\n    at /Users/mbalkhi/Desktop/Agile_Senior/ai-agile-senior-project/Backend/MeetingService/node_modules/openvidu-node-client/lib/Session.js:112:30\n    at process.processTicksAndRejections (node:internal/process/task_queues:105:5)","timestamp":"2025-01-09T00:10:54.607Z"}
{"level":"error","status":"error","statusCode":500,"timestamp":"2025-01-09T00:10:54.608Z"}
{"level":"error","message":"Error generating token: 404","stack":"Error: 404\n    at OpenVidu.handleError (/Users/mbalkhi/Desktop/Agile_Senior/ai-agile-senior-project/Backend/MeetingService/node_modules/openvidu-node-client/lib/OpenVidu.js:684:20)\n    at /Users/mbalkhi/Desktop/Agile_Senior/ai-agile-senior-project/Backend/MeetingService/node_modules/openvidu-node-client/lib/Session.js:112:30\n    at process.processTicksAndRejections (node:internal/process/task_queues:105:5)","timestamp":"2025-01-09T00:10:55.325Z"}
{"level":"error","status":"error","statusCode":500,"timestamp":"2025-01-09T00:10:55.325Z"}
{"level":"error","message":"Error generating token: 404","stack":"Error: 404\n    at OpenVidu.handleError (/Users/mbalkhi/Desktop/Agile_Senior/ai-agile-senior-project/Backend/MeetingService/node_modules/openvidu-node-client/lib/OpenVidu.js:684:20)\n    at /Users/mbalkhi/Desktop/Agile_Senior/ai-agile-senior-project/Backend/MeetingService/node_modules/openvidu-node-client/lib/Session.js:112:30\n    at process.processTicksAndRejections (node:internal/process/task_queues:105:5)","timestamp":"2025-01-09T00:10:56.001Z"}
{"level":"error","status":"error","statusCode":500,"timestamp":"2025-01-09T00:10:56.002Z"}
{"level":"error","message":"Error generating token: 404","stack":"Error: 404\n    at OpenVidu.handleError (/Users/mbalkhi/Desktop/Agile_Senior/ai-agile-senior-project/Backend/MeetingService/node_modules/openvidu-node-client/lib/OpenVidu.js:684:20)\n    at /Users/mbalkhi/Desktop/Agile_Senior/ai-agile-senior-project/Backend/MeetingService/node_modules/openvidu-node-client/lib/Session.js:112:30\n    at process.processTicksAndRejections (node:internal/process/task_queues:105:5)","timestamp":"2025-01-09T00:10:56.617Z"}
{"level":"error","status":"error","statusCode":500,"timestamp":"2025-01-09T00:10:56.618Z"}
{"level":"error","message":"Error generating token: 404","stack":"Error: 404\n    at OpenVidu.handleError (/Users/mbalkhi/Desktop/Agile_Senior/ai-agile-senior-project/Backend/MeetingService/node_modules/openvidu-node-client/lib/OpenVidu.js:684:20)\n    at /Users/mbalkhi/Desktop/Agile_Senior/ai-agile-senior-project/Backend/MeetingService/node_modules/openvidu-node-client/lib/Session.js:112:30\n    at process.processTicksAndRejections (node:internal/process/task_queues:105:5)","timestamp":"2025-01-09T00:10:57.246Z"}
{"level":"error","status":"error","statusCode":500,"timestamp":"2025-01-09T00:10:57.248Z"}
{"level":"error","message":"Error generating token: 404","stack":"Error: 404\n    at OpenVidu.handleError (/Users/mbalkhi/Desktop/Agile_Senior/ai-agile-senior-project/Backend/MeetingService/node_modules/openvidu-node-client/lib/OpenVidu.js:684:20)\n    at /Users/mbalkhi/Desktop/Agile_Senior/ai-agile-senior-project/Backend/MeetingService/node_modules/openvidu-node-client/lib/Session.js:112:30\n    at process.processTicksAndRejections (node:internal/process/task_queues:105:5)","timestamp":"2025-01-09T00:10:57.860Z"}
{"level":"error","status":"error","statusCode":500,"timestamp":"2025-01-09T00:10:57.861Z"}
{"level":"error","message":"Error generating token: 404","stack":"Error: 404\n    at OpenVidu.handleError (/Users/mbalkhi/Desktop/Agile_Senior/ai-agile-senior-project/Backend/MeetingService/node_modules/openvidu-node-client/lib/OpenVidu.js:684:20)\n    at /Users/mbalkhi/Desktop/Agile_Senior/ai-agile-senior-project/Backend/MeetingService/node_modules/openvidu-node-client/lib/Session.js:112:30\n    at process.processTicksAndRejections (node:internal/process/task_queues:105:5)","timestamp":"2025-01-09T00:10:58.456Z"}
{"level":"error","status":"error","statusCode":500,"timestamp":"2025-01-09T00:10:58.457Z"}
{"level":"error","message":"Error generating token: 404","stack":"Error: 404\n    at OpenVidu.handleError (/Users/mbalkhi/Desktop/Agile_Senior/ai-agile-senior-project/Backend/MeetingService/node_modules/openvidu-node-client/lib/OpenVidu.js:684:20)\n    at /Users/mbalkhi/Desktop/Agile_Senior/ai-agile-senior-project/Backend/MeetingService/node_modules/openvidu-node-client/lib/Session.js:112:30\n    at process.processTicksAndRejections (node:internal/process/task_queues:105:5)","timestamp":"2025-01-09T00:10:59.070Z"}
{"level":"error","status":"error","statusCode":500,"timestamp":"2025-01-09T00:10:59.071Z"}
{"level":"error","message":"Error generating token: 404","stack":"Error: 404\n    at OpenVidu.handleError (/Users/mbalkhi/Desktop/Agile_Senior/ai-agile-senior-project/Backend/MeetingService/node_modules/openvidu-node-client/lib/OpenVidu.js:684:20)\n    at /Users/mbalkhi/Desktop/Agile_Senior/ai-agile-senior-project/Backend/MeetingService/node_modules/openvidu-node-client/lib/Session.js:112:30\n    at process.processTicksAndRejections (node:internal/process/task_queues:105:5)","timestamp":"2025-01-09T00:10:59.661Z"}
{"level":"error","status":"error","statusCode":500,"timestamp":"2025-01-09T00:10:59.661Z"}
{"level":"error","message":"Error generating token: 404","stack":"Error: 404\n    at OpenVidu.handleError (/Users/mbalkhi/Desktop/Agile_Senior/ai-agile-senior-project/Backend/MeetingService/node_modules/openvidu-node-client/lib/OpenVidu.js:684:20)\n    at /Users/mbalkhi/Desktop/Agile_Senior/ai-agile-senior-project/Backend/MeetingService/node_modules/openvidu-node-client/lib/Session.js:112:30\n    at process.processTicksAndRejections (node:internal/process/task_queues:105:5)","timestamp":"2025-01-09T00:11:00.295Z"}
{"level":"error","status":"error","statusCode":500,"timestamp":"2025-01-09T00:11:00.296Z"}
{"level":"error","message":"Error generating token: 404","stack":"Error: 404\n    at OpenVidu.handleError (/Users/mbalkhi/Desktop/Agile_Senior/ai-agile-senior-project/Backend/MeetingService/node_modules/openvidu-node-client/lib/OpenVidu.js:684:20)\n    at /Users/mbalkhi/Desktop/Agile_Senior/ai-agile-senior-project/Backend/MeetingService/node_modules/openvidu-node-client/lib/Session.js:112:30\n    at process.processTicksAndRejections (node:internal/process/task_queues:105:5)","timestamp":"2025-01-09T00:11:00.955Z"}
{"level":"error","status":"error","statusCode":500,"timestamp":"2025-01-09T00:11:00.955Z"}
{"level":"info","message":"OpenVidu configured with URL: https://localhost:5443","timestamp":"2025-01-09T00:13:22.548Z"}
{"level":"info","message":"Server is running on port 3000","timestamp":"2025-01-09T00:13:22.556Z"}
{"level":"info","message":"Successfully connected to OpenVidu Server","timestamp":"2025-01-09T00:13:22.805Z"}
{"level":"info","message":"OpenVidu configured with URL: https://localhost:5443","timestamp":"2025-01-09T00:14:53.300Z"}
{"level":"info","message":"Server is running on port 3000","timestamp":"2025-01-09T00:14:53.308Z"}
{"level":"info","message":"Successfully connected to OpenVidu Server","timestamp":"2025-01-09T00:14:53.502Z"}
{"level":"info","message":"OpenVidu configured with URL: https://localhost:5443","timestamp":"2025-01-09T00:17:00.282Z"}
{"level":"info","message":"Server is running on port 3000","timestamp":"2025-01-09T00:17:00.289Z"}
{"level":"info","message":"Successfully connected to OpenVidu Server","timestamp":"2025-01-09T00:17:00.480Z"}
{"level":"info","message":"Successfully connected to OpenVidu Server","timestamp":"2025-01-09T00:17:02.643Z"}
{"level":"info","message":"Session created with ID: test-session-1","timestamp":"2025-01-09T00:17:02.772Z"}
{"level":"info","message":"Token generated for session: test-session-1","timestamp":"2025-01-09T00:17:02.946Z"}
{"level":"info","message":"Successfully connected to OpenVidu Server","timestamp":"2025-01-09T00:17:15.212Z"}
{"error":"Session ID already exists","level":"error","message":"Error creating session:","sessionId":"test-session-1","stack":"Error: Session ID already exists\n    at SessionService.createSession (/Users/mbalkhi/Desktop/Agile_Senior/ai-agile-senior-project/Backend/MeetingService/src/services/sessionService.js:20:23)\n    at process.processTicksAndRejections (node:internal/process/task_queues:105:5)\n    at async /Users/mbalkhi/Desktop/Agile_Senior/ai-agile-senior-project/Backend/MeetingService/src/routes/sessionRoutes.js:24:29","timestamp":"2025-01-09T00:17:15.213Z"}
{"error":"Session ID already exists","level":"error","message":"Error:","method":"POST","stack":"Error: Session ID already exists\n    at SessionService.createSession (/Users/mbalkhi/Desktop/Agile_Senior/ai-agile-senior-project/Backend/MeetingService/src/services/sessionService.js:20:23)\n    at process.processTicksAndRejections (node:internal/process/task_queues:105:5)\n    at async /Users/mbalkhi/Desktop/Agile_Senior/ai-agile-senior-project/Backend/MeetingService/src/routes/sessionRoutes.js:24:29","timestamp":"2025-01-09T00:17:15.213Z","url":"/api/sessions"}
{"level":"info","message":"Successfully connected to OpenVidu Server","timestamp":"2025-01-09T00:17:18.144Z"}
{"error":"Session ID already exists","level":"error","message":"Error creating session:","sessionId":"test-session-1","stack":"Error: Session ID already exists\n    at SessionService.createSession (/Users/mbalkhi/Desktop/Agile_Senior/ai-agile-senior-project/Backend/MeetingService/src/services/sessionService.js:20:23)\n    at process.processTicksAndRejections (node:internal/process/task_queues:105:5)\n    at async /Users/mbalkhi/Desktop/Agile_Senior/ai-agile-senior-project/Backend/MeetingService/src/routes/sessionRoutes.js:24:29","timestamp":"2025-01-09T00:17:18.144Z"}
{"error":"Session ID already exists","level":"error","message":"Error:","method":"POST","stack":"Error: Session ID already exists\n    at SessionService.createSession (/Users/mbalkhi/Desktop/Agile_Senior/ai-agile-senior-project/Backend/MeetingService/src/services/sessionService.js:20:23)\n    at process.processTicksAndRejections (node:internal/process/task_queues:105:5)\n    at async /Users/mbalkhi/Desktop/Agile_Senior/ai-agile-senior-project/Backend/MeetingService/src/routes/sessionRoutes.js:24:29","timestamp":"2025-01-09T00:17:18.144Z","url":"/api/sessions"}
{"level":"info","message":"Successfully connected to OpenVidu Server","timestamp":"2025-01-09T00:17:18.993Z"}
{"error":"Session ID already exists","level":"error","message":"Error creating session:","sessionId":"test-session-1","stack":"Error: Session ID already exists\n    at SessionService.createSession (/Users/mbalkhi/Desktop/Agile_Senior/ai-agile-senior-project/Backend/MeetingService/src/services/sessionService.js:20:23)\n    at process.processTicksAndRejections (node:internal/process/task_queues:105:5)\n    at async /Users/mbalkhi/Desktop/Agile_Senior/ai-agile-senior-project/Backend/MeetingService/src/routes/sessionRoutes.js:24:29","timestamp":"2025-01-09T00:17:18.993Z"}
{"error":"Session ID already exists","level":"error","message":"Error:","method":"POST","stack":"Error: Session ID already exists\n    at SessionService.createSession (/Users/mbalkhi/Desktop/Agile_Senior/ai-agile-senior-project/Backend/MeetingService/src/services/sessionService.js:20:23)\n    at process.processTicksAndRejections (node:internal/process/task_queues:105:5)\n    at async /Users/mbalkhi/Desktop/Agile_Senior/ai-agile-senior-project/Backend/MeetingService/src/routes/sessionRoutes.js:24:29","timestamp":"2025-01-09T00:17:18.994Z","url":"/api/sessions"}
{"level":"info","message":"Successfully connected to OpenVidu Server","timestamp":"2025-01-09T00:17:19.708Z"}
{"error":"Session ID already exists","level":"error","message":"Error creating session:","sessionId":"test-session-1","stack":"Error: Session ID already exists\n    at SessionService.createSession (/Users/mbalkhi/Desktop/Agile_Senior/ai-agile-senior-project/Backend/MeetingService/src/services/sessionService.js:20:23)\n    at process.processTicksAndRejections (node:internal/process/task_queues:105:5)\n    at async /Users/mbalkhi/Desktop/Agile_Senior/ai-agile-senior-project/Backend/MeetingService/src/routes/sessionRoutes.js:24:29","timestamp":"2025-01-09T00:17:19.708Z"}
{"error":"Session ID already exists","level":"error","message":"Error:","method":"POST","stack":"Error: Session ID already exists\n    at SessionService.createSession (/Users/mbalkhi/Desktop/Agile_Senior/ai-agile-senior-project/Backend/MeetingService/src/services/sessionService.js:20:23)\n    at process.processTicksAndRejections (node:internal/process/task_queues:105:5)\n    at async /Users/mbalkhi/Desktop/Agile_Senior/ai-agile-senior-project/Backend/MeetingService/src/routes/sessionRoutes.js:24:29","timestamp":"2025-01-09T00:17:19.708Z","url":"/api/sessions"}
{"level":"info","message":"Successfully connected to OpenVidu Server","timestamp":"2025-01-09T00:17:34.010Z"}
{"level":"info","message":"Session created with ID: test-session-2","timestamp":"2025-01-09T00:17:34.123Z"}
{"level":"info","message":"Token generated for session: test-session-2","timestamp":"2025-01-09T00:17:34.229Z"}
{"level":"info","message":"Token generated for session: test-session-2","timestamp":"2025-01-09T00:17:34.362Z"}
{"level":"info","message":"Successfully connected to OpenVidu Server","timestamp":"2025-01-09T00:18:41.434Z"}
{"level":"info","message":"Session created with ID: test-session-3","timestamp":"2025-01-09T00:18:41.546Z"}
{"level":"info","message":"Token generated for session: test-session-3","timestamp":"2025-01-09T00:18:41.674Z"}
{"level":"info","message":"Successfully connected to OpenVidu Server","timestamp":"2025-01-09T00:18:48.037Z"}
{"level":"info","message":"Session created with ID: test-session-4","timestamp":"2025-01-09T00:18:48.142Z"}
{"level":"info","message":"Token generated for session: test-session-4","timestamp":"2025-01-09T00:18:48.261Z"}
{"level":"info","message":"Successfully connected to OpenVidu Server","timestamp":"2025-01-09T00:19:00.341Z"}
{"level":"info","message":"Session created with ID: test-session-5","timestamp":"2025-01-09T00:19:00.446Z"}
{"level":"info","message":"Token generated for session: test-session-5","timestamp":"2025-01-09T00:19:00.549Z"}
{"level":"info","message":"Token generated for session: test-session-5","timestamp":"2025-01-09T00:19:02.389Z"}
{"level":"info","message":"Successfully connected to OpenVidu Server","timestamp":"2025-01-09T00:19:10.704Z"}
{"error":"Session ID already exists","level":"error","message":"Error creating session:","sessionId":"test-session-1","stack":"Error: Session ID already exists\n    at SessionService.createSession (/Users/mbalkhi/Desktop/Agile_Senior/ai-agile-senior-project/Backend/MeetingService/src/services/sessionService.js:20:23)\n    at process.processTicksAndRejections (node:internal/process/task_queues:105:5)\n    at async /Users/mbalkhi/Desktop/Agile_Senior/ai-agile-senior-project/Backend/MeetingService/src/routes/sessionRoutes.js:24:29","timestamp":"2025-01-09T00:19:10.705Z"}
{"error":"Session ID already exists","level":"error","message":"Error:","method":"POST","stack":"Error: Session ID already exists\n    at SessionService.createSession (/Users/mbalkhi/Desktop/Agile_Senior/ai-agile-senior-project/Backend/MeetingService/src/services/sessionService.js:20:23)\n    at process.processTicksAndRejections (node:internal/process/task_queues:105:5)\n    at async /Users/mbalkhi/Desktop/Agile_Senior/ai-agile-senior-project/Backend/MeetingService/src/routes/sessionRoutes.js:24:29","timestamp":"2025-01-09T00:19:10.705Z","url":"/api/sessions"}
{"level":"info","message":"Successfully connected to OpenVidu Server","timestamp":"2025-01-09T00:19:18.557Z"}
{"level":"info","message":"Session created with ID: test-session-10","timestamp":"2025-01-09T00:19:18.665Z"}
{"level":"info","message":"Token generated for session: test-session-10","timestamp":"2025-01-09T00:19:18.779Z"}
{"level":"info","message":"Token generated for session: test-session-10","timestamp":"2025-01-09T00:19:20.603Z"}
{"level":"info","message":"Successfully connected to OpenVidu Server","timestamp":"2025-01-09T00:20:27.106Z"}
{"level":"info","message":"Session created with ID: test-session-15","timestamp":"2025-01-09T00:20:27.228Z"}
{"level":"info","message":"Token generated for session: test-session-15","timestamp":"2025-01-09T00:20:27.347Z"}
{"level":"info","message":"Successfully connected to OpenVidu Server","timestamp":"2025-01-09T00:21:50.080Z"}
{"level":"info","message":"Session created with ID: test-session-25","timestamp":"2025-01-09T00:21:50.205Z"}
{"level":"info","message":"Token generated for session: test-session-25","timestamp":"2025-01-09T00:21:50.324Z"}
{"level":"info","message":"Successfully connected to OpenVidu Server","timestamp":"2025-01-09T00:22:19.230Z"}
{"error":"Session ID already exists","level":"error","message":"Error creating session:","sessionId":"test-session-1","stack":"Error: Session ID already exists\n    at SessionService.createSession (/Users/mbalkhi/Desktop/Agile_Senior/ai-agile-senior-project/Backend/MeetingService/src/services/sessionService.js:20:23)\n    at process.processTicksAndRejections (node:internal/process/task_queues:105:5)\n    at async /Users/mbalkhi/Desktop/Agile_Senior/ai-agile-senior-project/Backend/MeetingService/src/routes/sessionRoutes.js:24:29","timestamp":"2025-01-09T00:22:19.230Z"}
{"error":"Session ID already exists","level":"error","message":"Error:","method":"POST","stack":"Error: Session ID already exists\n    at SessionService.createSession (/Users/mbalkhi/Desktop/Agile_Senior/ai-agile-senior-project/Backend/MeetingService/src/services/sessionService.js:20:23)\n    at process.processTicksAndRejections (node:internal/process/task_queues:105:5)\n    at async /Users/mbalkhi/Desktop/Agile_Senior/ai-agile-senior-project/Backend/MeetingService/src/routes/sessionRoutes.js:24:29","timestamp":"2025-01-09T00:22:19.231Z","url":"/api/sessions"}
{"level":"info","message":"Successfully connected to OpenVidu Server","timestamp":"2025-01-09T00:22:20.441Z"}
{"error":"Session ID already exists","level":"error","message":"Error creating session:","sessionId":"test-session-1","stack":"Error: Session ID already exists\n    at SessionService.createSession (/Users/mbalkhi/Desktop/Agile_Senior/ai-agile-senior-project/Backend/MeetingService/src/services/sessionService.js:20:23)\n    at process.processTicksAndRejections (node:internal/process/task_queues:105:5)\n    at async /Users/mbalkhi/Desktop/Agile_Senior/ai-agile-senior-project/Backend/MeetingService/src/routes/sessionRoutes.js:24:29","timestamp":"2025-01-09T00:22:20.441Z"}
{"error":"Session ID already exists","level":"error","message":"Error:","method":"POST","stack":"Error: Session ID already exists\n    at SessionService.createSession (/Users/mbalkhi/Desktop/Agile_Senior/ai-agile-senior-project/Backend/MeetingService/src/services/sessionService.js:20:23)\n    at process.processTicksAndRejections (node:internal/process/task_queues:105:5)\n    at async /Users/mbalkhi/Desktop/Agile_Senior/ai-agile-senior-project/Backend/MeetingService/src/routes/sessionRoutes.js:24:29","timestamp":"2025-01-09T00:22:20.442Z","url":"/api/sessions"}
{"level":"info","message":"Successfully connected to OpenVidu Server","timestamp":"2025-01-09T00:22:21.216Z"}
{"error":"Session ID already exists","level":"error","message":"Error creating session:","sessionId":"test-session-1","stack":"Error: Session ID already exists\n    at SessionService.createSession (/Users/mbalkhi/Desktop/Agile_Senior/ai-agile-senior-project/Backend/MeetingService/src/services/sessionService.js:20:23)\n    at process.processTicksAndRejections (node:internal/process/task_queues:105:5)\n    at async /Users/mbalkhi/Desktop/Agile_Senior/ai-agile-senior-project/Backend/MeetingService/src/routes/sessionRoutes.js:24:29","timestamp":"2025-01-09T00:22:21.216Z"}
{"error":"Session ID already exists","level":"error","message":"Error:","method":"POST","stack":"Error: Session ID already exists\n    at SessionService.createSession (/Users/mbalkhi/Desktop/Agile_Senior/ai-agile-senior-project/Backend/MeetingService/src/services/sessionService.js:20:23)\n    at process.processTicksAndRejections (node:internal/process/task_queues:105:5)\n    at async /Users/mbalkhi/Desktop/Agile_Senior/ai-agile-senior-project/Backend/MeetingService/src/routes/sessionRoutes.js:24:29","timestamp":"2025-01-09T00:22:21.216Z","url":"/api/sessions"}
{"level":"info","message":"Successfully connected to OpenVidu Server","timestamp":"2025-01-09T00:22:26.549Z"}
{"level":"info","message":"Session created with ID: test-session-200","timestamp":"2025-01-09T00:22:26.658Z"}
{"level":"info","message":"Token generated for session: test-session-200","timestamp":"2025-01-09T00:22:26.762Z"}
{"level":"info","message":"Token generated for session: test-session-200","timestamp":"2025-01-09T00:22:26.888Z"}
{"level":"info","message":"Successfully connected to OpenVidu Server","timestamp":"2025-01-09T00:25:01.487Z"}
{"level":"info","message":"Session created with ID: test-session-100","timestamp":"2025-01-09T00:25:01.598Z"}
{"level":"info","message":"Token generated for session: test-session-100","timestamp":"2025-01-09T00:25:01.737Z"}
{"level":"info","message":"Token generated for session: test-session-100","timestamp":"2025-01-09T00:25:01.899Z"}
{"level":"info","message":"Successfully connected to OpenVidu Server","timestamp":"2025-01-09T00:25:41.892Z"}
{"level":"info","message":"Session created with ID: test-session-1000","timestamp":"2025-01-09T00:25:41.997Z"}
{"level":"info","message":"Token generated for session: test-session-1000","timestamp":"2025-01-09T00:25:42.099Z"}
{"level":"info","message":"Token generated for session: test-session-1000","timestamp":"2025-01-09T00:25:42.207Z"}
{"level":"info","message":"Successfully connected to OpenVidu Server","timestamp":"2025-01-09T00:26:08.980Z"}
{"level":"info","message":"Session created with ID: test-session-1500","timestamp":"2025-01-09T00:26:09.092Z"}
{"level":"info","message":"Token generated for session: test-session-1500","timestamp":"2025-01-09T00:26:09.195Z"}
{"level":"info","message":"Token generated for session: test-session-1500","timestamp":"2025-01-09T00:26:09.302Z"}
{"error":"session.on is not a function","level":"error","message":"Error starting recording:","sessionId":"test-session-1500","stack":"TypeError: session.on is not a function\n    at SessionService.startRecording (/Users/mbalkhi/Desktop/Agile_Senior/ai-agile-senior-project/Backend/MeetingService/src/services/sessionService.js:159:21)\n    at process.processTicksAndRejections (node:internal/process/task_queues:105:5)\n    at async /Users/mbalkhi/Desktop/Agile_Senior/ai-agile-senior-project/Backend/MeetingService/src/routes/sessionRoutes.js:126:31","timestamp":"2025-01-09T00:27:15.695Z"}
{"error":"Failed to start recording: session.on is not a function","level":"error","message":"Error:","method":"POST","stack":"Error: Failed to start recording: session.on is not a function\n    at SessionService.startRecording (/Users/mbalkhi/Desktop/Agile_Senior/ai-agile-senior-project/Backend/MeetingService/src/services/sessionService.js:189:19)\n    at process.processTicksAndRejections (node:internal/process/task_queues:105:5)\n    at async /Users/mbalkhi/Desktop/Agile_Senior/ai-agile-senior-project/Backend/MeetingService/src/routes/sessionRoutes.js:126:31","timestamp":"2025-01-09T00:27:15.696Z","url":"/api/sessions/test-session-1500/recording/start"}
{"level":"info","message":"Successfully connected to OpenVidu Server","timestamp":"2025-01-09T00:27:45.907Z"}
{"level":"info","message":"Session created with ID: test-session-2300","timestamp":"2025-01-09T00:27:46.011Z"}
{"level":"info","message":"Token generated for session: test-session-2300","timestamp":"2025-01-09T00:27:46.125Z"}
{"level":"info","message":"Token generated for session: test-session-2300","timestamp":"2025-01-09T00:27:46.236Z"}
{"level":"info","message":"OpenVidu configured with URL: https://localhost:5443","timestamp":"2025-01-09T00:29:24.283Z"}
{"level":"info","message":"Server is running on port 3000","timestamp":"2025-01-09T00:29:24.292Z"}
{"level":"info","message":"Successfully connected to OpenVidu Server","timestamp":"2025-01-09T00:29:24.494Z"}
{"error":"500","level":"error","message":"Error starting recording:","sessionId":"test-session-2300","stack":"Error: 500\n    at OpenVidu.handleError (/Users/mbalkhi/Desktop/Agile_Senior/ai-agile-senior-project/Backend/MeetingService/node_modules/openvidu-node-client/lib/OpenVidu.js:684:20)\n    at /Users/mbalkhi/Desktop/Agile_Senior/ai-agile-senior-project/Backend/MeetingService/node_modules/openvidu-node-client/lib/OpenVidu.js:154:27\n    at process.processTicksAndRejections (node:internal/process/task_queues:105:5)","timestamp":"2025-01-09T00:29:47.086Z"}
{"error":"Failed to start recording: 500","level":"error","message":"Error:","method":"POST","stack":"Error: Failed to start recording: 500\n    at SessionService.startRecording (/Users/mbalkhi/Desktop/Agile_Senior/ai-agile-senior-project/Backend/MeetingService/src/services/sessionService.js:179:19)\n    at process.processTicksAndRejections (node:internal/process/task_queues:105:5)\n    at async /Users/mbalkhi/Desktop/Agile_Senior/ai-agile-senior-project/Backend/MeetingService/src/routes/sessionRoutes.js:126:31","timestamp":"2025-01-09T00:29:47.088Z","url":"/api/sessions/test-session-2300/recording/start"}
{"error":"Session has no connected participants","level":"error","message":"Error starting recording:","sessionId":"test-session-1500","stack":"Error: Session has no connected participants\n    at SessionService.startRecording (/Users/mbalkhi/Desktop/Agile_Senior/ai-agile-senior-project/Backend/MeetingService/src/services/sessionService.js:137:23)\n    at process.processTicksAndRejections (node:internal/process/task_queues:105:5)\n    at async /Users/mbalkhi/Desktop/Agile_Senior/ai-agile-senior-project/Backend/MeetingService/src/routes/sessionRoutes.js:126:31","timestamp":"2025-01-09T00:29:54.232Z"}
{"error":"Failed to start recording: Session has no connected participants","level":"error","message":"Error:","method":"POST","stack":"Error: Failed to start recording: Session has no connected participants\n    at SessionService.startRecording (/Users/mbalkhi/Desktop/Agile_Senior/ai-agile-senior-project/Backend/MeetingService/src/services/sessionService.js:179:19)\n    at process.processTicksAndRejections (node:internal/process/task_queues:105:5)\n    at async /Users/mbalkhi/Desktop/Agile_Senior/ai-agile-senior-project/Backend/MeetingService/src/routes/sessionRoutes.js:126:31","timestamp":"2025-01-09T00:29:54.232Z","url":"/api/sessions/test-session-1500/recording/start"}
{"level":"info","message":"Recording started for session test-session-2300:","recordingId":"test-session-2300~1","sessionId":"test-session-2300","timestamp":"2025-01-09T00:29:59.203Z"}
{"level":"error","message":"Error getting recording: 404","stack":"Error: 404\n    at OpenVidu.handleError (/Users/mbalkhi/Desktop/Agile_Senior/ai-agile-senior-project/Backend/MeetingService/node_modules/openvidu-node-client/lib/OpenVidu.js:684:20)\n    at /Users/mbalkhi/Desktop/Agile_Senior/ai-agile-senior-project/Backend/MeetingService/node_modules/openvidu-node-client/lib/OpenVidu.js:238:27\n    at process.processTicksAndRejections (node:internal/process/task_queues:105:5)","timestamp":"2025-01-09T00:31:05.896Z"}
{"error":"Recording not found","level":"error","message":"Error:","method":"GET","stack":"Error: Recording not found\n    at SessionService.getRecording (/Users/mbalkhi/Desktop/Agile_Senior/ai-agile-senior-project/Backend/MeetingService/src/services/sessionService.js:283:23)\n    at process.processTicksAndRejections (node:internal/process/task_queues:105:5)\n    at async /Users/mbalkhi/Desktop/Agile_Senior/ai-agile-senior-project/Backend/MeetingService/src/routes/sessionRoutes.js:156:31","timestamp":"2025-01-09T00:31:05.896Z","url":"/api/sessions/test-session-2300/recording/info"}
{"level":"info","message":"Recording stopped: test-session-2300~1","timestamp":"2025-01-09T00:31:39.053Z"}
{"level":"info","message":"Successfully connected to OpenVidu Server","timestamp":"2025-01-09T00:36:18.568Z"}
{"level":"info","message":"Session created with ID: test-session-2500","timestamp":"2025-01-09T00:36:18.712Z"}
{"level":"info","message":"Token generated for session: test-session-2500","timestamp":"2025-01-09T00:36:18.844Z"}
{"level":"info","message":"Token generated for session: test-session-2500","timestamp":"2025-01-09T00:36:18.956Z"}
{"error":"Session has no connected participants","level":"error","message":"Error starting recording:","sessionId":"test-session-2500","stack":"Error: Session has no connected participants\n    at SessionService.startRecording (/Users/mbalkhi/Desktop/Agile_Senior/ai-agile-senior-project/Backend/MeetingService/src/services/sessionService.js:137:23)\n    at process.processTicksAndRejections (node:internal/process/task_queues:105:5)\n    at async /Users/mbalkhi/Desktop/Agile_Senior/ai-agile-senior-project/Backend/MeetingService/src/routes/sessionRoutes.js:126:31","timestamp":"2025-01-09T00:36:24.745Z"}
{"error":"Failed to start recording: Session has no connected participants","level":"error","message":"Error:","method":"POST","stack":"Error: Failed to start recording: Session has no connected participants\n    at SessionService.startRecording (/Users/mbalkhi/Desktop/Agile_Senior/ai-agile-senior-project/Backend/MeetingService/src/services/sessionService.js:179:19)\n    at process.processTicksAndRejections (node:internal/process/task_queues:105:5)\n    at async /Users/mbalkhi/Desktop/Agile_Senior/ai-agile-senior-project/Backend/MeetingService/src/routes/sessionRoutes.js:126:31","timestamp":"2025-01-09T00:36:24.745Z","url":"/api/sessions/test-session-2500/recording/start"}
{"level":"info","message":"OpenVidu configured with URL: https://localhost:5443","timestamp":"2025-01-09T00:37:24.633Z"}
{"level":"info","message":"Server is running on port 3000","timestamp":"2025-01-09T00:37:24.642Z"}
{"level":"info","message":"Successfully connected to OpenVidu Server","timestamp":"2025-01-09T00:37:24.845Z"}
{"level":"info","message":"Successfully connected to OpenVidu Server","timestamp":"2025-01-09T00:37:52.192Z"}
{"level":"info","message":"Session created with ID: test-session-3000","timestamp":"2025-01-09T00:37:52.301Z"}
{"level":"info","message":"Token generated for session: test-session-3000","timestamp":"2025-01-09T00:37:52.402Z"}
{"level":"info","message":"Token generated for session: test-session-3000","timestamp":"2025-01-09T00:37:52.512Z"}
{"error":"Session has no connected participants","level":"error","message":"Error starting recording:","sessionId":"test-session-3000","stack":"Error: Session has no connected participants\n    at SessionService.startRecording (/Users/mbalkhi/Desktop/Agile_Senior/ai-agile-senior-project/Backend/MeetingService/src/services/sessionService.js:137:23)\n    at process.processTicksAndRejections (node:internal/process/task_queues:105:5)\n    at async /Users/mbalkhi/Desktop/Agile_Senior/ai-agile-senior-project/Backend/MeetingService/src/routes/sessionRoutes.js:127:31","timestamp":"2025-01-09T00:37:58.740Z"}
{"error":"Failed to start recording: Session has no connected participants","level":"error","message":"Error:","method":"POST","stack":"Error: Failed to start recording: Session has no connected participants\n    at SessionService.startRecording (/Users/mbalkhi/Desktop/Agile_Senior/ai-agile-senior-project/Backend/MeetingService/src/services/sessionService.js:179:19)\n    at process.processTicksAndRejections (node:internal/process/task_queues:105:5)\n    at async /Users/mbalkhi/Desktop/Agile_Senior/ai-agile-senior-project/Backend/MeetingService/src/routes/sessionRoutes.js:127:31","timestamp":"2025-01-09T00:37:58.742Z","url":"/api/sessions/test-session-3000/recording/start"}
{"error":"Session has no connected participants","level":"error","message":"Error starting recording:","sessionId":"test-session-3000","stack":"Error: Session has no connected participants\n    at SessionService.startRecording (/Users/mbalkhi/Desktop/Agile_Senior/ai-agile-senior-project/Backend/MeetingService/src/services/sessionService.js:137:23)\n    at process.processTicksAndRejections (node:internal/process/task_queues:105:5)\n    at async /Users/mbalkhi/Desktop/Agile_Senior/ai-agile-senior-project/Backend/MeetingService/src/routes/sessionRoutes.js:127:31","timestamp":"2025-01-09T00:38:33.752Z"}
{"error":"Failed to start recording: Session has no connected participants","level":"error","message":"Error:","method":"POST","stack":"Error: Failed to start recording: Session has no connected participants\n    at SessionService.startRecording (/Users/mbalkhi/Desktop/Agile_Senior/ai-agile-senior-project/Backend/MeetingService/src/services/sessionService.js:179:19)\n    at process.processTicksAndRejections (node:internal/process/task_queues:105:5)\n    at async /Users/mbalkhi/Desktop/Agile_Senior/ai-agile-senior-project/Backend/MeetingService/src/routes/sessionRoutes.js:127:31","timestamp":"2025-01-09T00:38:33.763Z","url":"/api/sessions/test-session-3000/recording/start"}
{"error":"Session has no connected participants","level":"error","message":"Error starting recording:","sessionId":"test-session-3000","stack":"Error: Session has no connected participants\n    at SessionService.startRecording (/Users/mbalkhi/Desktop/Agile_Senior/ai-agile-senior-project/Backend/MeetingService/src/services/sessionService.js:137:23)\n    at process.processTicksAndRejections (node:internal/process/task_queues:105:5)\n    at async /Users/mbalkhi/Desktop/Agile_Senior/ai-agile-senior-project/Backend/MeetingService/src/routes/sessionRoutes.js:127:31","timestamp":"2025-01-09T00:38:42.706Z"}
{"error":"Failed to start recording: Session has no connected participants","level":"error","message":"Error:","method":"POST","stack":"Error: Failed to start recording: Session has no connected participants\n    at SessionService.startRecording (/Users/mbalkhi/Desktop/Agile_Senior/ai-agile-senior-project/Backend/MeetingService/src/services/sessionService.js:179:19)\n    at process.processTicksAndRejections (node:internal/process/task_queues:105:5)\n    at async /Users/mbalkhi/Desktop/Agile_Senior/ai-agile-senior-project/Backend/MeetingService/src/routes/sessionRoutes.js:127:31","timestamp":"2025-01-09T00:38:42.706Z","url":"/api/sessions/test-session-3000/recording/start"}
{"level":"info","message":"Successfully connected to OpenVidu Server","timestamp":"2025-01-09T00:40:42.002Z"}
{"level":"info","message":"Session created with ID: test-session-3500","timestamp":"2025-01-09T00:40:42.116Z"}
{"level":"info","message":"Token generated for session: test-session-3500","timestamp":"2025-01-09T00:40:42.220Z"}
{"level":"info","message":"Token generated for session: test-session-3500","timestamp":"2025-01-09T00:40:42.329Z"}
{"level":"info","message":"OpenVidu configured with URL: https://localhost:5443","timestamp":"2025-01-09T00:41:03.014Z"}
{"level":"info","message":"Server is running on port 3000","timestamp":"2025-01-09T00:41:03.023Z"}
{"level":"info","message":"Successfully connected to OpenVidu Server","timestamp":"2025-01-09T00:41:03.171Z"}
{"error":"Session has no connected participants","level":"error","message":"Error starting recording:","sessionId":"test-session-3500","stack":"Error: Session has no connected participants\n    at SessionService.startRecording (/Users/mbalkhi/Desktop/Agile_Senior/ai-agile-senior-project/Backend/MeetingService/src/services/sessionService.js:134:23)\n    at process.processTicksAndRejections (node:internal/process/task_queues:105:5)\n    at async /Users/mbalkhi/Desktop/Agile_Senior/ai-agile-senior-project/Backend/MeetingService/src/routes/sessionRoutes.js:127:31","timestamp":"2025-01-09T00:41:05.969Z"}
{"error":"Failed to start recording: Session has no connected participants","level":"error","message":"Error:","method":"POST","stack":"Error: Failed to start recording: Session has no connected participants\n    at SessionService.startRecording (/Users/mbalkhi/Desktop/Agile_Senior/ai-agile-senior-project/Backend/MeetingService/src/services/sessionService.js:176:19)\n    at process.processTicksAndRejections (node:internal/process/task_queues:105:5)\n    at async /Users/mbalkhi/Desktop/Agile_Senior/ai-agile-senior-project/Backend/MeetingService/src/routes/sessionRoutes.js:127:31","timestamp":"2025-01-09T00:41:05.970Z","url":"/api/sessions/test-session-3500/recording/start"}
{"level":"info","message":"Successfully connected to OpenVidu Server","timestamp":"2025-01-09T00:41:11.612Z"}
{"level":"info","message":"Session created with ID: test-session-4000","timestamp":"2025-01-09T00:41:11.722Z"}
{"level":"info","message":"Recording started for session test-session-4000:","recordingId":"test-session-4000","sessionId":"test-session-4000","timestamp":"2025-01-09T00:41:27.322Z"}
{"level":"info","message":"Recording stopped: test-session-4000","timestamp":"2025-01-09T00:41:55.865Z"}
{"error":"Failed to fetch recording","level":"error","message":"Error:","method":"GET","stack":"Error: Failed to fetch recording\n    at /Users/mbalkhi/Desktop/Agile_Senior/ai-agile-senior-project/Backend/MeetingService/src/routes/sessionRoutes.js:216:23\n    at process.processTicksAndRejections (node:internal/process/task_queues:105:5)","timestamp":"2025-01-09T00:44:31.081Z","url":"/api/sessions/test-session-4000/recording/test-session-4000/download"}
{"error":"Failed to fetch recording","level":"error","message":"Error:","method":"GET","stack":"Error: Failed to fetch recording\n    at /Users/mbalkhi/Desktop/Agile_Senior/ai-agile-senior-project/Backend/MeetingService/src/routes/sessionRoutes.js:216:23\n    at process.processTicksAndRejections (node:internal/process/task_queues:105:5)","timestamp":"2025-01-09T00:45:35.589Z","url":"/api/sessions/test-session-4000/recording/test-session-4000/download"}
{"level":"info","message":"OpenVidu configured with URL: https://localhost:5443","timestamp":"2025-01-09T00:45:47.627Z"}
{"level":"info","message":"Server is running on port 3000","timestamp":"2025-01-09T00:45:47.640Z"}
{"level":"info","message":"Successfully connected to OpenVidu Server","timestamp":"2025-01-09T00:45:47.783Z"}
{"error":"Failed to fetch recording: Unauthorized","level":"error","message":"Error:","method":"GET","stack":"Error: Failed to fetch recording: Unauthorized\n    at /Users/mbalkhi/Desktop/Agile_Senior/ai-agile-senior-project/Backend/MeetingService/src/routes/sessionRoutes.js:251:22\n    at process.processTicksAndRejections (node:internal/process/task_queues:105:5)","timestamp":"2025-01-09T00:45:49.272Z","url":"/api/sessions/test-session-4000/recording/test-session-4000/download"}
{"level":"info","message":"OpenVidu configured with URL: https://localhost:5443","timestamp":"2025-01-09T00:47:08.623Z"}
{"level":"info","message":"Server is running on port 3000","timestamp":"2025-01-09T00:47:08.631Z"}
{"level":"info","message":"Successfully connected to OpenVidu Server","timestamp":"2025-01-09T00:47:08.798Z"}
{"error":"Failed to fetch recording: Unauthorized","level":"error","message":"Error:","method":"GET","stack":"Error: Failed to fetch recording: Unauthorized\n    at /Users/mbalkhi/Desktop/Agile_Senior/ai-agile-senior-project/Backend/MeetingService/src/routes/sessionRoutes.js:254:22\n    at process.processTicksAndRejections (node:internal/process/task_queues:105:5)","timestamp":"2025-01-09T00:47:10.257Z","url":"/api/sessions/test-session-4000/recording/test-session-4000/download"}
{"level":"info","message":"OpenVidu configured with URL: https://localhost:5443","timestamp":"2025-01-09T00:49:03.689Z"}
{"level":"info","message":"Server is running on port 3000","timestamp":"2025-01-09T00:49:03.698Z"}
{"level":"info","message":"Successfully connected to OpenVidu Server","timestamp":"2025-01-09T00:49:03.867Z"}
